<?xml version="1.0" encoding="UTF-8"?>
<!-- Generated by org.testng.reporters.JUnitReportReporter -->
<testsuite hostname="Pramodshimpi" failures="0" tests="1" name="com.SwagLab1.project.Demo" time="0.020" errors="0" timestamp="2023-02-16T15:25:50 IST" skipped="0">
  <testcase classname="com.SwagLab1.project.Demo" name="show" time="0.020"/>
  <system-out/>
</testsuite> <!-- com.SwagLab1.project.Demo -->
